#-----------------------------------------------------------
# Webtalk v2016.2 (64-bit)
# SW Build 1577090 on Thu Jun  2 16:32:40 MDT 2016
# 
# Start of session at: Tue Nov 08 19:18:15 2016
# Process ID: 4168
# Current directory: C:/Users/andreis/Projects/mbs_sh_mem_mutex_hw_queue/mbs_sh_mem_mutex_hw_queue.sdk/webtalk
# Command line: wbtcv.exe -mode batch -source sdk_webtalk.tcl
# Log file: C:/Users/andreis/Projects/mbs_sh_mem_mutex_hw_queue/mbs_sh_mem_mutex_hw_queue.sdk/webtalk/webtalk.log
# Journal file: C:/Users/andreis/Projects/mbs_sh_mem_mutex_hw_queue/mbs_sh_mem_mutex_hw_queue.sdk/webtalk\webtalk.jou
#-----------------------------------------------------------
source sdk_webtalk.tcl
# webtalk_init -webtalk_dir C:\\Users\\andreis\\Projects\\mbs_sh_mem_mutex_hw_queue\\mbs_sh_mem_mutex_hw_queue.sdk\\webtalk
# webtalk_register_client -client project
# webtalk_add_data -client project -key date_generated -value "Tue Nov 8 19:18:13 2016" -context "software_version_and_target_device"
# webtalk_add_data -client project -key product_version -value "SDK v2016.2" -context "software_version_and_target_device"
# webtalk_add_data -client project -key build_version -value "2016.2" -context "software_version_and_target_device"
# webtalk_add_data -client project -key os_platform -value "amd64" -context "software_version_and_target_device"
# webtalk_add_data -client project -key registration_id -value "" -context "software_version_and_target_device"
# webtalk_add_data -client project -key tool_flow -value "SDK" -context "software_version_and_target_device"
# webtalk_add_data -client project -key beta -value "false" -context "software_version_and_target_device"
# webtalk_add_data -client project -key route_design -value "NA" -context "software_version_and_target_device"
# webtalk_add_data -client project -key target_family -value "NA" -context "software_version_and_target_device"
# webtalk_add_data -client project -key target_device -value "NA" -context "software_version_and_target_device"
# webtalk_add_data -client project -key target_package -value "NA" -context "software_version_and_target_device"
# webtalk_add_data -client project -key target_speed -value "NA" -context "software_version_and_target_device"
# webtalk_add_data -client project -key random_id -value "5h60rropmvonnmmbtusgk9buqu" -context "software_version_and_target_device"
# webtalk_add_data -client project -key project_id -value "2016.2_2" -context "software_version_and_target_device"
# webtalk_add_data -client project -key project_iteration -value "2" -context "software_version_and_target_device"
# webtalk_add_data -client project -key os_name -value "" -context "user_environment"
# webtalk_add_data -client project -key os_release -value "" -context "user_environment"
# webtalk_add_data -client project -key cpu_name -value "" -context "user_environment"
# webtalk_add_data -client project -key cpu_speed -value "" -context "user_environment"
# webtalk_add_data -client project -key total_processors -value "" -context "user_environment"
# webtalk_add_data -client project -key system_ram -value "" -context "user_environment"
# webtalk_register_client -client sdk
# webtalk_add_data -client sdk -key uid -value "1478625073958" -context "sdk\\\\hardware/1478625073958"
# webtalk_add_data -client sdk -key isZynq -value "false" -context "sdk\\\\hardware/1478625073958"
# webtalk_add_data -client sdk -key Processors -value "3" -context "sdk\\\\hardware/1478625073958"
# webtalk_add_data -client sdk -key VivadoVersion -value "2016.2" -context "sdk\\\\hardware/1478625073958"
# webtalk_add_data -client sdk -key Arch -value "artix7" -context "sdk\\\\hardware/1478625073958"
# webtalk_add_data -client sdk -key Device -value "7a35ti" -context "sdk\\\\hardware/1478625073958"
# webtalk_add_data -client sdk -key IsHandoff -value "true" -context "sdk\\\\hardware/1478625073958"
# webtalk_add_data -client sdk -key uid -value "1478625118186" -context "sdk\\\\bsp/1478625118186"
# webtalk_add_data -client sdk -key hwid -value "1478625073958" -context "sdk\\\\bsp/1478625118186"
# webtalk_add_data -client sdk -key os -value "standalone" -context "sdk\\\\bsp/1478625118186"
# webtalk_add_data -client sdk -key apptemplate -value "hello_world" -context "sdk\\\\bsp/1478625118186"
# webtalk_add_data -client sdk -key uid -value "1478625127899" -context "sdk\\\\application/1478625127899"
# webtalk_add_data -client sdk -key hwid -value "1478625073958" -context "sdk\\\\application/1478625127899"
# webtalk_add_data -client sdk -key bspid -value "1478625118186" -context "sdk\\\\application/1478625127899"
# webtalk_add_data -client sdk -key newbsp -value "true" -context "sdk\\\\application/1478625127899"
# webtalk_add_data -client sdk -key os -value "standalone" -context "sdk\\\\application/1478625127899"
# webtalk_add_data -client sdk -key apptemplate -value "hello_world" -context "sdk\\\\application/1478625127899"
# webtalk_add_data -client sdk -key uid -value "1478625227098" -context "sdk\\\\bsp/1478625227098"
# webtalk_add_data -client sdk -key hwid -value "1478625073958" -context "sdk\\\\bsp/1478625227098"
# webtalk_add_data -client sdk -key os -value "standalone" -context "sdk\\\\bsp/1478625227098"
# webtalk_add_data -client sdk -key apptemplate -value "hello_world" -context "sdk\\\\bsp/1478625227098"
# webtalk_add_data -client sdk -key uid -value "1478625231586" -context "sdk\\\\application/1478625231586"
# webtalk_add_data -client sdk -key hwid -value "1478625073958" -context "sdk\\\\application/1478625231586"
# webtalk_add_data -client sdk -key bspid -value "1478625227098" -context "sdk\\\\application/1478625231586"
# webtalk_add_data -client sdk -key newbsp -value "true" -context "sdk\\\\application/1478625231586"
# webtalk_add_data -client sdk -key os -value "standalone" -context "sdk\\\\application/1478625231586"
# webtalk_add_data -client sdk -key apptemplate -value "hello_world" -context "sdk\\\\application/1478625231586"
# webtalk_add_data -client sdk -key uid -value "1478625257690" -context "sdk\\\\bsp/1478625257690"
# webtalk_add_data -client sdk -key hwid -value "1478625073958" -context "sdk\\\\bsp/1478625257690"
# webtalk_add_data -client sdk -key os -value "standalone" -context "sdk\\\\bsp/1478625257690"
# webtalk_add_data -client sdk -key apptemplate -value "hello_world" -context "sdk\\\\bsp/1478625257690"
# webtalk_add_data -client sdk -key uid -value "1478625261685" -context "sdk\\\\application/1478625261685"
# webtalk_add_data -client sdk -key hwid -value "1478625073958" -context "sdk\\\\application/1478625261685"
# webtalk_add_data -client sdk -key bspid -value "1478625257690" -context "sdk\\\\application/1478625261685"
# webtalk_add_data -client sdk -key newbsp -value "true" -context "sdk\\\\application/1478625261685"
# webtalk_add_data -client sdk -key os -value "standalone" -context "sdk\\\\application/1478625261685"
# webtalk_add_data -client sdk -key apptemplate -value "hello_world" -context "sdk\\\\application/1478625261685"
# webtalk_transmit -clientid 4123189327 -regid "" -xml C:\\Users\\andreis\\Projects\\mbs_sh_mem_mutex_hw_queue\\mbs_sh_mem_mutex_hw_queue.sdk\\webtalk\\usage_statistics_ext_sdk.xml -html C:\\Users\\andreis\\Projects\\mbs_sh_mem_mutex_hw_queue\\mbs_sh_mem_mutex_hw_queue.sdk\\webtalk\\usage_statistics_ext_sdk.html -wdm C:\\Users\\andreis\\Projects\\mbs_sh_mem_mutex_hw_queue\\mbs_sh_mem_mutex_hw_queue.sdk\\webtalk\\sdk_webtalk.wdm -intro "<H3>SDK Usage Report</H3><BR>"
# webtalk_terminate
INFO: [Common 17-206] Exiting Webtalk at Tue Nov 08 19:18:25 2016...
